Using pre-set license
Built from '2020.2/staging' branch; Version is '2020.2.3f1 (8ff31bc5bf5b) revision 9433883'; Using compiler version '192528614'; Build Type 'Release'
OS: 'Windows 10 Home; OS build 19041.804; Version 2004; 64bit' Language: 'en' Physical Memory: 8060 MB
BatchMode: 1, IsHumanControllingUs: 0, StartBugReporterOnCrash: 0, Is64bit: 1, IsPro: 0

 COMMAND LINE ARGUMENTS:
C:\Program Files\Unity\Hub\Editor\2020.2.3f1\Editor\Unity.exe
-adb2
-batchMode
-noUpm
-name
AssetImportWorker0
-projectPath
C:/Users/acfcu/Desktop/AIRepo/FishProject/FishGame
-logFile
Logs/AssetImportWorker0.log
-srvPort
51500
Successfully changed project path to: C:/Users/acfcu/Desktop/AIRepo/FishProject/FishGame
C:/Users/acfcu/Desktop/AIRepo/FishProject/FishGame
Using Asset Import Pipeline V2.
Refreshing native plugins compatible for Editor in 44.93 ms, found 1 plugins.
Preloading 0 native plugins for Editor in 0.00 ms.
Initialize engine version: 2020.2.3f1 (8ff31bc5bf5b)
[Subsystems] Discovering subsystems at path C:/Program Files/Unity/Hub/Editor/2020.2.3f1/Editor/Data/Resources/UnitySubsystems
[Subsystems] Discovering subsystems at path C:/Users/acfcu/Desktop/AIRepo/FishProject/FishGame/Assets
GfxDevice: creating device client; threaded=0
Direct3D:
    Version:  Direct3D 11.0 [level 11.0]
    Renderer: NVIDIA GeForce GTX 950M (ID=0x139a)
    Vendor:   
    VRAM:     2018 MB
    Driver:   21.21.13.7654
Initialize mono
Mono path[0] = 'C:/Program Files/Unity/Hub/Editor/2020.2.3f1/Editor/Data/Managed'
Mono path[1] = 'C:/Program Files/Unity/Hub/Editor/2020.2.3f1/Editor/Data/MonoBleedingEdge/lib/mono/unityjit'
Mono config path = 'C:/Program Files/Unity/Hub/Editor/2020.2.3f1/Editor/Data/MonoBleedingEdge/etc'
Using monoOptions --debugger-agent=transport=dt_socket,embedding=1,server=y,suspend=n,address=127.0.0.1:56272
Begin MonoManager ReloadAssembly
Registering precompiled unity dll's ...
Register platform support module: C:/Program Files/Unity/Hub/Editor/2020.2.3f1/Editor/Data/PlaybackEngines/MacStandaloneSupport/UnityEditor.OSXStandalone.Extensions.dll
Register platform support module: C:/Program Files/Unity/Hub/Editor/2020.2.3f1/Editor/Data/PlaybackEngines/WindowsStandaloneSupport/UnityEditor.WindowsStandalone.Extensions.dll
Registered in 0.004796 seconds.
Native extension for WindowsStandalone target not found
Native extension for OSXStandalone target not found
Refreshing native plugins compatible for Editor in 71.43 ms, found 1 plugins.
Preloading 0 native plugins for Editor in 0.00 ms.
Invoked RoslynAnalysisRunner static constructor.
RoslynAnalysisRunner will not be running.
RoslynAnalysisRunner has terminated.
Mono: successfully reloaded assembly
- Completed reload, in  2.121 seconds
Platform modules already initialized, skipping
Registering precompiled user dll's ...
Registered in 0.002374 seconds.
Begin MonoManager ReloadAssembly
Native extension for WindowsStandalone target not found
Native extension for OSXStandalone target not found
Refreshing native plugins compatible for Editor in 56.99 ms, found 1 plugins.
Preloading 0 native plugins for Editor in 0.00 ms.
Invoked RoslynAnalysisRunner static constructor.
RoslynAnalysisRunner will not be running.
RoslynAnalysisRunner has terminated.
Mono: successfully reloaded assembly
- Completed reload, in  1.432 seconds
Platform modules already initialized, skipping
========================================================================
Worker process is ready to serve import requests
Launched and connected shader compiler UnityShaderCompiler.exe after 0.15 seconds
Refreshing native plugins compatible for Editor in 0.66 ms, found 1 plugins.
Preloading 0 native plugins for Editor in 0.00 ms.
Unloading 1807 Unused Serialized files (Serialized files now loaded: 0)
System memory in use before: 86.2 MB.
System memory in use after: 86.2 MB.

Unloading 24 unused Assets to reduce memory usage. Loaded Objects now: 2249.
Total: 61.864400 ms (FindLiveObjects: 2.443600 ms CreateObjectMapping: 7.203000 ms MarkObjects: 51.879300 ms  DeleteObjects: 0.335400 ms)

========================================================================
Received Import Request.
  path: Assets/OptionsMenu.cs
  artifactKey: Guid(a3fb39610f7ab664a9e2d540e62f9785) Importer(815301076,1909f56bfc062723c751e8b465ee728b)
Start importing Assets/OptionsMenu.cs using Guid(a3fb39610f7ab664a9e2d540e62f9785) Importer(815301076,1909f56bfc062723c751e8b465ee728b)  -> (artifact id: '517ac9c3b46fc1c2c20e2b59975372bb') in 0.445391 seconds
  Import took 0.469994 seconds .

========================================================================
Received Prepare
Registering precompiled user dll's ...
Registered in 0.001255 seconds.
Begin MonoManager ReloadAssembly
Native extension for WindowsStandalone target not found
Native extension for OSXStandalone target not found
Refreshing native plugins compatible for Editor in 0.48 ms, found 1 plugins.
Preloading 0 native plugins for Editor in 0.00 ms.
Invoked RoslynAnalysisRunner static constructor.
RoslynAnalysisRunner will not be running.
RoslynAnalysisRunner has terminated.
Mono: successfully reloaded assembly
- Completed reload, in  1.220 seconds
Platform modules already initialized, skipping
Refreshing native plugins compatible for Editor in 0.81 ms, found 1 plugins.
Preloading 0 native plugins for Editor in 0.00 ms.
Unloading 1789 Unused Serialized files (Serialized files now loaded: 0)
System memory in use before: 85.1 MB.
System memory in use after: 85.1 MB.

Unloading 12 unused Assets to reduce memory usage. Loaded Objects now: 2252.
Total: 4.885000 ms (FindLiveObjects: 0.429600 ms CreateObjectMapping: 0.361600 ms MarkObjects: 3.868400 ms  DeleteObjects: 0.222000 ms)

========================================================================
Received Import Request.
  Time since last request: 937.274036 seconds.
  path: Assets/OptionsMenu.cs
  artifactKey: Guid(a3fb39610f7ab664a9e2d540e62f9785) Importer(815301076,1909f56bfc062723c751e8b465ee728b)
Start importing Assets/OptionsMenu.cs using Guid(a3fb39610f7ab664a9e2d540e62f9785) Importer(815301076,1909f56bfc062723c751e8b465ee728b)  -> (artifact id: '2ea5f1f247a5dc033a20085d63c63603') in 0.013742 seconds
  Import took 0.018247 seconds .

========================================================================
Received Import Request.
  Time since last request: 179.136546 seconds.
  path: Assets/GameAudio.mixer
  artifactKey: Guid(21872b361a6cbca4d82bcd6101304fe6) Importer(815301076,1909f56bfc062723c751e8b465ee728b)
Start importing Assets/GameAudio.mixer using Guid(21872b361a6cbca4d82bcd6101304fe6) Importer(815301076,1909f56bfc062723c751e8b465ee728b)  -> (artifact id: '6b5d9e52b7fdc18a5ef05e44618029d0') in 0.049662 seconds
  Import took 0.055349 seconds .

========================================================================
Received Import Request.
  Time since last request: 0.046073 seconds.
  path: Assets/GameAudio.mixer
  artifactKey: Guid(21872b361a6cbca4d82bcd6101304fe6) Importer(815301076,1909f56bfc062723c751e8b465ee728b)
Start importing Assets/GameAudio.mixer using Guid(21872b361a6cbca4d82bcd6101304fe6) Importer(815301076,1909f56bfc062723c751e8b465ee728b)  -> (artifact id: '6b5d9e52b7fdc18a5ef05e44618029d0') in 0.010943 seconds
  Import took 0.016312 seconds .

========================================================================
Received Import Request.
  Time since last request: 10.304808 seconds.
  path: Assets
  artifactKey: Guid(00000000000000001000000000000000) Importer(815301076,1909f56bfc062723c751e8b465ee728b)
Start importing Assets using Guid(00000000000000001000000000000000) Importer(815301076,1909f56bfc062723c751e8b465ee728b)  -> (artifact id: '653ce283d384579a24208b2e4d727c2a') in 0.022465 seconds
  Import took 0.028113 seconds .

========================================================================
Received Import Request.
  Time since last request: 10.632120 seconds.
  path: Assets/ScriptsMenu
  artifactKey: Guid(c7491c00c44ece346ac75a4a1de95abb) Importer(815301076,1909f56bfc062723c751e8b465ee728b)
Start importing Assets/ScriptsMenu using Guid(c7491c00c44ece346ac75a4a1de95abb) Importer(815301076,1909f56bfc062723c751e8b465ee728b)  -> (artifact id: '5d4f44b0901b099b14c1342833781793') in 0.025100 seconds
  Import took 0.029706 seconds .

========================================================================
Received Prepare
Registering precompiled user dll's ...
Registered in 0.001880 seconds.
Begin MonoManager ReloadAssembly
Native extension for WindowsStandalone target not found
Native extension for OSXStandalone target not found
Refreshing native plugins compatible for Editor in 0.45 ms, found 1 plugins.
Preloading 0 native plugins for Editor in 0.00 ms.
Invoked RoslynAnalysisRunner static constructor.
RoslynAnalysisRunner will not be running.
RoslynAnalysisRunner has terminated.
Mono: successfully reloaded assembly
- Completed reload, in  1.561 seconds
Platform modules already initialized, skipping
Refreshing native plugins compatible for Editor in 0.38 ms, found 1 plugins.
Preloading 0 native plugins for Editor in 0.00 ms.
Unloading 1789 Unused Serialized files (Serialized files now loaded: 0)
System memory in use before: 85.2 MB.
System memory in use after: 85.2 MB.

Unloading 12 unused Assets to reduce memory usage. Loaded Objects now: 2255.
Total: 3.404900 ms (FindLiveObjects: 0.569100 ms CreateObjectMapping: 0.244100 ms MarkObjects: 2.456400 ms  DeleteObjects: 0.132900 ms)

========================================================================
Received Import Request.
  Time since last request: 12.968724 seconds.
  path: Assets/ScriptsMenu/MainMenu.cs
  artifactKey: Guid(cee5d0e437250ea4bb8ea691775de759) Importer(815301076,1909f56bfc062723c751e8b465ee728b)
Start importing Assets/ScriptsMenu/MainMenu.cs using Guid(cee5d0e437250ea4bb8ea691775de759) Importer(815301076,1909f56bfc062723c751e8b465ee728b)  -> (artifact id: '79bf704c08aea4ee7dc52a60bde8eaee') in 0.020434 seconds
  Import took 0.025615 seconds .

========================================================================
Received Import Request.
  Time since last request: 324.222807 seconds.
  path: Assets/OptionsMenu.cs
  artifactKey: Guid(84b9463d08d170e44bc218db9e70d114) Importer(815301076,1909f56bfc062723c751e8b465ee728b)
Start importing Assets/OptionsMenu.cs using Guid(84b9463d08d170e44bc218db9e70d114) Importer(815301076,1909f56bfc062723c751e8b465ee728b)  -> (artifact id: '829ddf1048f8bcbfd0f75cb5a2519b11') in 0.011595 seconds
  Import took 0.017321 seconds .

========================================================================
Received Prepare
Registering precompiled user dll's ...
Registered in 0.001351 seconds.
Begin MonoManager ReloadAssembly
Native extension for WindowsStandalone target not found
Native extension for OSXStandalone target not found
Refreshing native plugins compatible for Editor in 0.41 ms, found 1 plugins.
Preloading 0 native plugins for Editor in 0.00 ms.
Invoked RoslynAnalysisRunner static constructor.
RoslynAnalysisRunner will not be running.
RoslynAnalysisRunner has terminated.
Mono: successfully reloaded assembly
- Completed reload, in  1.259 seconds
Platform modules already initialized, skipping
Refreshing native plugins compatible for Editor in 0.57 ms, found 1 plugins.
Preloading 0 native plugins for Editor in 0.00 ms.
Unloading 1789 Unused Serialized files (Serialized files now loaded: 0)
System memory in use before: 85.2 MB.
System memory in use after: 85.2 MB.

Unloading 13 unused Assets to reduce memory usage. Loaded Objects now: 2258.
Total: 4.155200 ms (FindLiveObjects: 0.250300 ms CreateObjectMapping: 0.116200 ms MarkObjects: 3.547300 ms  DeleteObjects: 0.238700 ms)

========================================================================
Received Import Request.
  Time since last request: 58.103105 seconds.
  path: Assets/ScriptsMenu/OptionsMenu.cs
  artifactKey: Guid(84b9463d08d170e44bc218db9e70d114) Importer(815301076,1909f56bfc062723c751e8b465ee728b)
Start importing Assets/ScriptsMenu/OptionsMenu.cs using Guid(84b9463d08d170e44bc218db9e70d114) Importer(815301076,1909f56bfc062723c751e8b465ee728b)  -> (artifact id: '4c9b2662d4e94ed1cb3ab53b06e5b322') in 0.011535 seconds
  Import took 0.016107 seconds .

========================================================================
Received Prepare
Registering precompiled user dll's ...
Registered in 0.001264 seconds.
Begin MonoManager ReloadAssembly
Native extension for WindowsStandalone target not found
Native extension for OSXStandalone target not found
Refreshing native plugins compatible for Editor in 0.39 ms, found 1 plugins.
Preloading 0 native plugins for Editor in 0.00 ms.
Invoked RoslynAnalysisRunner static constructor.
RoslynAnalysisRunner will not be running.
RoslynAnalysisRunner has terminated.
Mono: successfully reloaded assembly
- Completed reload, in  1.510 seconds
Platform modules already initialized, skipping
Refreshing native plugins compatible for Editor in 0.52 ms, found 1 plugins.
Preloading 0 native plugins for Editor in 0.00 ms.
Unloading 1789 Unused Serialized files (Serialized files now loaded: 0)
System memory in use before: 85.2 MB.
System memory in use after: 85.2 MB.

Unloading 12 unused Assets to reduce memory usage. Loaded Objects now: 2261.
Total: 3.618000 ms (FindLiveObjects: 0.435200 ms CreateObjectMapping: 0.158700 ms MarkObjects: 2.821700 ms  DeleteObjects: 0.200100 ms)

========================================================================
Received Prepare
Registering precompiled user dll's ...
Registered in 0.001432 seconds.
Begin MonoManager ReloadAssembly
Native extension for WindowsStandalone target not found
Native extension for OSXStandalone target not found
Refreshing native plugins compatible for Editor in 0.48 ms, found 1 plugins.
Preloading 0 native plugins for Editor in 0.00 ms.
Invoked RoslynAnalysisRunner static constructor.
RoslynAnalysisRunner will not be running.
RoslynAnalysisRunner has terminated.
Mono: successfully reloaded assembly
- Completed reload, in  1.438 seconds
Platform modules already initialized, skipping
Refreshing native plugins compatible for Editor in 1.22 ms, found 1 plugins.
Preloading 0 native plugins for Editor in 0.00 ms.
Unloading 1789 Unused Serialized files (Serialized files now loaded: 0)
System memory in use before: 85.2 MB.
System memory in use after: 85.2 MB.

Unloading 12 unused Assets to reduce memory usage. Loaded Objects now: 2264.
Total: 2.503300 ms (FindLiveObjects: 0.281600 ms CreateObjectMapping: 0.081800 ms MarkObjects: 2.007500 ms  DeleteObjects: 0.130700 ms)

========================================================================
Received Prepare
Registering precompiled user dll's ...
Registered in 0.001720 seconds.
Begin MonoManager ReloadAssembly
Native extension for WindowsStandalone target not found
Native extension for OSXStandalone target not found
Refreshing native plugins compatible for Editor in 0.64 ms, found 1 plugins.
Preloading 0 native plugins for Editor in 0.00 ms.
Invoked RoslynAnalysisRunner static constructor.
RoslynAnalysisRunner will not be running.
RoslynAnalysisRunner has terminated.
Mono: successfully reloaded assembly
- Completed reload, in  1.243 seconds
Platform modules already initialized, skipping
Refreshing native plugins compatible for Editor in 0.40 ms, found 1 plugins.
Preloading 0 native plugins for Editor in 0.00 ms.
Unloading 1789 Unused Serialized files (Serialized files now loaded: 0)
System memory in use before: 85.3 MB.
System memory in use after: 85.2 MB.

Unloading 12 unused Assets to reduce memory usage. Loaded Objects now: 2267.
Total: 5.661500 ms (FindLiveObjects: 0.305900 ms CreateObjectMapping: 0.164500 ms MarkObjects: 5.054000 ms  DeleteObjects: 0.134400 ms)

========================================================================
Received Import Request.
  Time since last request: 3318.266447 seconds.
  path: Assets/GameAudio.mixer
  artifactKey: Guid(21872b361a6cbca4d82bcd6101304fe6) Importer(815301076,1909f56bfc062723c751e8b465ee728b)
Start importing Assets/GameAudio.mixer using Guid(21872b361a6cbca4d82bcd6101304fe6) Importer(815301076,1909f56bfc062723c751e8b465ee728b)  -> (artifact id: '11b2f6281eb1295b49f4e3b1150698c9') in 0.031141 seconds
  Import took 0.040412 seconds .

AssetImportWorkerClient::OnTransportError - code=2 error=End of file
